Gramática

    0 $accept: lines $end

    1 lines: lines bexpr '\n'
    2      | lines '\n'
    3      | /* vacío */

    4 bexpr: bexpr OR bterm
    5      | bterm

    6 bterm: bterm AND bfactor
    7      | bfactor

    8 bfactor: NOT bfactor
    9        | '(' bexpr ')'
   10        | BOOL


Terminales con las reglas donde aparecen

$end (0) 0
'\n' (10) 1 2
'(' (40) 9
')' (41) 9
error (256)
BOOL (258) 10
AND (259) 6
OR (260) 4
NOT (261) 8


No terminales con las reglas donde aparecen

$accept (10)
    en la izquierda: 0
lines (11)
    en la izquierda: 1 2 3, en la derecha: 0 1 2
bexpr (12)
    en la izquierda: 4 5, en la derecha: 1 4 9
bterm (13)
    en la izquierda: 6 7, en la derecha: 4 5 6
bfactor (14)
    en la izquierda: 8 9 10, en la derecha: 6 7 8


estado 0

    0 $accept: . lines $end

    $default  reduce usando la regla 3 (lines)

    lines  ir al estado 1


estado 1

    0 $accept: lines . $end
    1 lines: lines . bexpr '\n'
    2      | lines . '\n'

    $end  desplazar e ir al estado 2
    BOOL  desplazar e ir al estado 3
    NOT   desplazar e ir al estado 4
    '\n'  desplazar e ir al estado 5
    '('   desplazar e ir al estado 6

    bexpr    ir al estado 7
    bterm    ir al estado 8
    bfactor  ir al estado 9


estado 2

    0 $accept: lines $end .

    $default  aceptar


estado 3

   10 bfactor: BOOL .

    $default  reduce usando la regla 10 (bfactor)


estado 4

    8 bfactor: NOT . bfactor

    BOOL  desplazar e ir al estado 3
    NOT   desplazar e ir al estado 4
    '('   desplazar e ir al estado 6

    bfactor  ir al estado 10


estado 5

    2 lines: lines '\n' .

    $default  reduce usando la regla 2 (lines)


estado 6

    9 bfactor: '(' . bexpr ')'

    BOOL  desplazar e ir al estado 3
    NOT   desplazar e ir al estado 4
    '('   desplazar e ir al estado 6

    bexpr    ir al estado 11
    bterm    ir al estado 8
    bfactor  ir al estado 9


estado 7

    1 lines: lines bexpr . '\n'
    4 bexpr: bexpr . OR bterm

    OR    desplazar e ir al estado 12
    '\n'  desplazar e ir al estado 13


estado 8

    5 bexpr: bterm .
    6 bterm: bterm . AND bfactor

    AND  desplazar e ir al estado 14

    $default  reduce usando la regla 5 (bexpr)


estado 9

    7 bterm: bfactor .

    $default  reduce usando la regla 7 (bterm)


estado 10

    8 bfactor: NOT bfactor .

    $default  reduce usando la regla 8 (bfactor)


estado 11

    4 bexpr: bexpr . OR bterm
    9 bfactor: '(' bexpr . ')'

    OR   desplazar e ir al estado 12
    ')'  desplazar e ir al estado 15


estado 12

    4 bexpr: bexpr OR . bterm

    BOOL  desplazar e ir al estado 3
    NOT   desplazar e ir al estado 4
    '('   desplazar e ir al estado 6

    bterm    ir al estado 16
    bfactor  ir al estado 9


estado 13

    1 lines: lines bexpr '\n' .

    $default  reduce usando la regla 1 (lines)


estado 14

    6 bterm: bterm AND . bfactor

    BOOL  desplazar e ir al estado 3
    NOT   desplazar e ir al estado 4
    '('   desplazar e ir al estado 6

    bfactor  ir al estado 17


estado 15

    9 bfactor: '(' bexpr ')' .

    $default  reduce usando la regla 9 (bfactor)


estado 16

    4 bexpr: bexpr OR bterm .
    6 bterm: bterm . AND bfactor

    AND  desplazar e ir al estado 14

    $default  reduce usando la regla 4 (bexpr)


estado 17

    6 bterm: bterm AND bfactor .

    $default  reduce usando la regla 6 (bterm)
